<?xml version="1.0" encoding="UTF-8"?>
<!-- Generated by org.testng.reporters.JUnitReportReporter -->
<testsuite hostname="WINDOWS-2BDMIEJ" failures="0" tests="1" name="POSTCall" time="3.056" errors="0" timestamp="2021-09-25T16:43:34 IST" skipped="0">
  <testcase classname="POSTCall" name="postCall" time="3.056"/>
  <system-out/>
</testsuite> <!-- POSTCall -->
