<?xml version="1.0" encoding="UTF-8"?>
<!-- Generated by org.testng.reporters.JUnitReportReporter -->
<testsuite hostname="WINDOWS-2BDMIEJ" failures="0" tests="1" name="return_response_type" time="4.428" errors="0" timestamp="2021-09-30T13:48:31 IST" skipped="0">
  <testcase classname="return_response_type" name="resTest" time="4.428"/>
  <system-out/>
</testsuite> <!-- return_response_type -->
