<?xml version="1.0" encoding="UTF-8"?>
<!-- Generated by org.testng.reporters.JUnitReportReporter -->
<testsuite hostname="WINDOWS-2BDMIEJ" failures="0" tests="1" name="excel_file_creation" time="0.210" errors="0" timestamp="2021-10-03T20:50:13 IST" skipped="0">
  <testcase classname="excel_file_creation" name="createExcel" time="0.210"/>
  <system-out/>
</testsuite> <!-- excel_file_creation -->
