<?xml version="1.0" encoding="UTF-8"?>
<!-- Generated by org.testng.reporters.JUnitReportReporter -->
<testsuite hostname="WINDOWS-2BDMIEJ" failures="0" tests="1" name="form_data" time="4.825" errors="0" timestamp="2021-10-02T17:00:12 IST" skipped="0">
  <testcase classname="form_data" name="form_data_test" time="4.825"/>
  <system-out/>
</testsuite> <!-- form_data -->
