<?xml version="1.0" encoding="UTF-8"?>
<!-- Generated by org.testng.reporters.JUnitReportReporter -->
<testsuite hostname="WINDOWS-2BDMIEJ" failures="0" tests="1" name="PostReq" time="3.565" errors="0" timestamp="2021-09-25T16:52:35 IST" skipped="0">
  <testcase classname="PostReq" name="postcall" time="3.565"/>
  <system-out/>
</testsuite> <!-- PostReq -->
