<?xml version="1.0" encoding="UTF-8"?>
<!-- Generated by org.testng.reporters.JUnitReportReporter -->
<testsuite hostname="WINDOWS-2BDMIEJ" failures="0" tests="1" name="BeanLoginAPI" time="3.653" errors="0" timestamp="2021-09-25T16:41:17 IST" skipped="0">
  <testcase classname="BeanLoginAPI" name="BeanLogin" time="3.653"/>
  <system-out/>
</testsuite> <!-- BeanLoginAPI -->
