<?xml version="1.0" encoding="UTF-8"?>
<!-- Generated by org.testng.reporters.JUnitReportReporter -->
<testsuite hostname="WINDOWS-2BDMIEJ" failures="0" tests="1" name="fetch_data_from_excel" time="0.166" errors="0" timestamp="2021-10-03T21:40:48 IST" skipped="0">
  <testcase classname="fetch_data_from_excel" name="getData" time="0.166"/>
  <system-out/>
</testsuite> <!-- fetch_data_from_excel -->
