<?xml version="1.0" encoding="UTF-8"?>
<!-- Generated by org.testng.reporters.JUnitReportReporter -->
<testsuite hostname="WINDOWS-2BDMIEJ" failures="0" tests="1" name="run_all_methods" time="6.768" errors="0" timestamp="2021-09-30T12:46:49 IST" skipped="0">
  <testcase classname="run_all_methods" name="runall" time="6.768"/>
  <system-out/>
</testsuite> <!-- run_all_methods -->
