<?xml version="1.0" encoding="UTF-8"?>
<!-- Generated by org.testng.reporters.JUnitReportReporter -->
<testsuite hostname="WINDOWS-2BDMIEJ" failures="0" tests="1" name="API" time="2.876" errors="0" timestamp="2021-09-25T12:19:05 IST" skipped="0">
  <testcase classname="API" name="get" time="2.876"/>
  <system-out/>
</testsuite> <!-- API -->
