<?xml version="1.0" encoding="UTF-8"?>
<!-- Generated by org.testng.reporters.JUnitReportReporter -->
<testsuite hostname="WINDOWS-2BDMIEJ" failures="0" tests="1" name="write_in_file" time="0.013" errors="0" timestamp="2021-09-29T18:36:21 IST" skipped="0">
  <testcase classname="write_in_file" name="write" time="0.013"/>
  <system-out/>
</testsuite> <!-- write_in_file -->
