<?xml version="1.0" encoding="UTF-8"?>
<!-- Generated by org.testng.reporters.JUnitReportReporter -->
<testsuite hostname="WINDOWS-2BDMIEJ" failures="0" tests="1" name="response_size_verification" time="3.631" errors="0" timestamp="2021-09-29T17:59:07 IST" skipped="0">
  <testcase classname="response_size_verification" name="responseSize" time="3.631"/>
  <system-out/>
</testsuite> <!-- response_size_verification -->
