<?xml version="1.0" encoding="UTF-8"?>
<!-- Generated by org.testng.reporters.JUnitReportReporter -->
<testsuite hostname="WINDOWS-2BDMIEJ" failures="0" tests="1" name="basic_auth_using_headers" time="5.594" errors="0" timestamp="2021-09-30T19:00:28 IST" skipped="0">
  <testcase classname="basic_auth_using_headers" name="basicHeader" time="5.594"/>
  <system-out/>
</testsuite> <!-- basic_auth_using_headers -->
