<?xml version="1.0" encoding="UTF-8"?>
<!-- Generated by org.testng.reporters.JUnitReportReporter -->
<testsuite hostname="WINDOWS-2BDMIEJ" failures="0" tests="1" name="DELETECall" time="4.348" errors="0" timestamp="2021-09-12T23:25:02 IST" skipped="0">
  <testcase classname="DELETECall" name="deleteCall" time="4.348"/>
  <system-out/>
</testsuite> <!-- DELETECall -->
