<?xml version="1.0" encoding="UTF-8"?>
<!-- Generated by org.testng.reporters.JUnitReportReporter -->
<testsuite hostname="WINDOWS-2BDMIEJ" failures="0" tests="1" name="GETCall" time="4.475" errors="0" timestamp="2021-09-30T12:43:00 IST" skipped="0">
  <testcase classname="GETCall" name="testGET" time="4.475"/>
  <system-out/>
</testsuite> <!-- GETCall -->
