<?xml version="1.0" encoding="UTF-8"?>
<!-- Generated by org.testng.reporters.JUnitReportReporter -->
<testsuite hostname="WINDOWS-2BDMIEJ" failures="0" tests="1" name="response_time_verification" time="4.656" errors="0" timestamp="2021-09-29T17:52:42 IST" skipped="0">
  <testcase classname="response_time_verification" name="bodytest" time="4.656"/>
  <system-out/>
</testsuite> <!-- response_time_verification -->
