<?xml version="1.0" encoding="UTF-8"?>
<!-- Generated by org.testng.reporters.JUnitReportReporter -->
<testsuite hostname="WINDOWS-2BDMIEJ" failures="0" tests="1" name="bodyTest" time="5.572" errors="0" timestamp="2021-09-29T17:46:44 IST" skipped="0">
  <testcase classname="bodyTest" name="bodytest" time="5.572"/>
  <system-out/>
</testsuite> <!-- bodyTest -->
