<?xml version="1.0" encoding="UTF-8"?>
<!-- Generated by org.testng.reporters.JUnitReportReporter -->
<testsuite hostname="WINDOWS-2BDMIEJ" failures="0" tests="1" name="BasicAuth" time="4.099" errors="0" timestamp="2021-09-25T12:39:59 IST" skipped="0">
  <testcase classname="BasicAuth" name="get" time="4.099"/>
  <system-out/>
</testsuite> <!-- BasicAuth -->
