<?xml version="1.0" encoding="UTF-8"?>
<!-- Generated by org.testng.reporters.JUnitReportReporter -->
<testsuite hostname="WINDOWS-2BDMIEJ" failures="0" tests="1" name="test_excel_utility" time="3.138" errors="0" timestamp="2021-10-05T15:41:17 IST" skipped="0">
  <testcase classname="test_excel_utility" name="testUtility" time="3.138"/>
  <system-out/>
</testsuite> <!-- test_excel_utility -->
