<?xml version="1.0" encoding="UTF-8"?>
<!-- Generated by org.testng.reporters.JUnitReportReporter -->
<testsuite hostname="WINDOWS-2BDMIEJ" failures="0" tests="1" name="PUTCall" time="3.317" errors="0" timestamp="2021-09-13T13:04:49 IST" skipped="0">
  <testcase classname="PUTCall" name="testPut" time="3.317"/>
  <system-out/>
</testsuite> <!-- PUTCall -->
