<?xml version="1.0" encoding="UTF-8"?>
<!-- Generated by org.testng.reporters.JUnitReportReporter -->
<testsuite hostname="WINDOWS-2BDMIEJ" failures="0" tests="1" name="POSTCall" time="5.480" errors="0" timestamp="2021-09-12T22:34:00 IST" skipped="0">
  <testcase classname="POSTCall" name="postCall" time="5.480"/>
  <system-out/>
</testsuite> <!-- POSTCall -->
