<?xml version="1.0" encoding="UTF-8"?>
<!-- Generated by org.testng.reporters.JUnitReportReporter -->
<testsuite hostname="WINDOWS-2BDMIEJ" failures="0" tests="1" name="text_body" time="3.943" errors="0" timestamp="2021-10-02T17:00:58 IST" skipped="0">
  <testcase classname="text_body" name="textbody" time="3.943"/>
  <system-out/>
</testsuite> <!-- text_body -->
