<?xml version="1.0" encoding="UTF-8"?>
<!-- Generated by org.testng.reporters.JUnitReportReporter -->
<testsuite hostname="WINDOWS-2BDMIEJ" failures="0" tests="1" name="return_response_type" time="9.302" errors="0" timestamp="2021-09-29T19:02:28 IST" skipped="0">
  <testcase classname="return_response_type" name="resTest" time="9.302"/>
  <system-out/>
</testsuite> <!-- return_response_type -->
