<?xml version="1.0" encoding="UTF-8"?>
<!-- Generated by org.testng.reporters.JUnitReportReporter -->
<testsuite hostname="WINDOWS-2BDMIEJ" failures="0" tests="1" name="DELETECall" time="2.996" errors="0" timestamp="2021-09-25T19:29:06 IST" skipped="0">
  <testcase classname="DELETECall" name="deleteCall" time="2.996"/>
  <system-out/>
</testsuite> <!-- DELETECall -->
